wl.c: In function `rssi_refresh_screen':
wl.c:170: warning: unused variable `level'
wl.c: In function `catch_int':
wl.c:286: warning: unused variable `pr'
wl.c: In function `scan_refresh_screen':
wl.c:314: warning: unused variable `mode'
wl.c:315: warning: unused variable `bss'
wl.c:316: warning: unused variable `nBytesSent'
wl.c: In function `main':
wl.c:507: warning: int format, pointer arg (arg 3)
wl.c:454: warning: unused variable `mode'
wl.c:455: warning: unused variable `bss'
wl.c:456: warning: unused variable `nBytesSent'
wl.c:519: warning: unused variable `i'
wl.c:651: warning: suggest parentheses around && within ||
wl.c:707: warning: `0' flag used with `%s' printf format
wl.c:707: warning: `0' flag used with `%s' printf format
wl.c:707: warning: `0' flag used with `%s' printf format
wl.c:707: warning: `0' flag used with `%s' printf format
wl.c:707: warning: `0' flag used with `%s' printf format
wl.c:711: warning: `0' flag used with `%s' printf format
wl.c:711: warning: `0' flag used with `%s' printf format
wl.c:711: warning: `0' flag used with `%s' printf format
wl.c:711: warning: `0' flag used with `%s' printf format
wl.c:711: warning: `0' flag used with `%s' printf format
wl.c:430: warning: unused variable `wait_time'
wl.c:727: warning: control reaches end of non-void function
wl.c:520: warning: `cnt' might be used uninitialized in this function
