This file contains any messages produced by compilers while
running configure, to aid debugging if configure makes a mistake.

It was created by ethtool configure 2, which was
generated by GNU Autoconf 2.63.  Invocation command line was

  $ ./configure --host=mips --prefix=/opt/Wive/APP/ethtool/filesystem

## --------- ##
## Platform. ##
## --------- ##

hostname = sfstudio.sadnet.lo
uname -m = i686
uname -r = 2.6.30.5
uname -s = Linux
uname -v = #7 SMP PREEMPT Tue Aug 18 14:52:38 OMSST 2009

/usr/bin/uname -p = unknown
/bin/uname -X     = unknown

/bin/arch              = i686
/usr/bin/arch -k       = unknown
/usr/convex/getsysinfo = unknown
/usr/bin/hostinfo      = unknown
/bin/machine           = unknown
/usr/bin/oslevel       = unknown
/bin/universe          = unknown

PATH: /usr/share/colorgcc
PATH: /sbin
PATH: /usr/sbin
PATH: /bin
PATH: /usr/bin
PATH: /usr/X11R6/bin
PATH: /usr/local/bin
PATH: /usr/local/sbin
PATH: /usr/lib/qt4/bin
PATH: /usr/bin
PATH: /opt/kde3/bin


## ----------- ##
## Core tests. ##
## ----------- ##

configure:1877: checking for a BSD-compatible install
configure:1945: result: /usr/bin/install -c
configure:1956: checking whether build environment is sane
configure:1999: result: yes
configure:2024: checking for a thread-safe mkdir -p
configure:2063: result: /bin/mkdir -p
configure:2076: checking for gawk
configure:2092: found /bin/gawk
configure:2103: result: gawk
configure:2114: checking whether make sets $(MAKE)
configure:2136: result: yes
configure:2216: checking for mips-strip
configure:2243: result: mips-linux-strip
configure:2323: checking whether to enable maintainer-specific portions of Makefiles
configure:2332: result: no
configure:2354: checking for mips-gcc
configure:2381: result: mips-linux-gcc
configure:2653: checking for C compiler version
configure:2661: mips-linux-gcc --version >&5
mips-linux-gcc (GCC) 3.3.3
Copyright (C) 2003 Free Software Foundation, Inc.
This is free software; see the source for copying conditions.  There is NO
warranty; not even for MERCHANTABILITY or FITNESS FOR A PARTICULAR PURPOSE.

configure:2665: $? = 0
configure:2672: mips-linux-gcc -v >&5
Reading specs from /opt/Wive/toolchain/lib/gcc-lib/mips-linux-uclibc/3.3.3/specs
Configured with: /opt/Wive/toolchain/nonmips-tcb/toolchain_build_mips/gcc-3.3.3/configure --prefix=/opt/Wive/toolchain --build=i386-pc-linux-gnu --host=i386-pc-linux-gnu --target=mips-linux-uclibc --enable-languages=c,c++ --enable-shared --with-gxx-include-dir=/opt/Wive/toolchain/mips-linux-uclibc/include/c++ --disable-__cxa_atexit --enable-target-optspace --with-gnu-ld --disable-nls --enable-multilib --enable-sjlj-exceptions
Thread model: posix
gcc version 3.3.3
configure:2676: $? = 0
configure:2683: mips-linux-gcc -V >&5
mips-linux-gcc: `-V' option must have argument
configure:2687: $? = 1
configure:2710: checking for C compiler default output file name
configure:2732: mips-linux-gcc -s -Os -fomit-frame-pointer -mno-memcpy  -s -Os conftest.c  >&5
configure:2736: $? = 0
configure:2774: result: a.out
configure:2793: checking whether the C compiler works
configure:2803: ./a.out
./configure: line 2805: ./a.out: cannot execute binary file
configure:2807: $? = 126
configure:2826: result: yes
configure:2833: checking whether we are cross compiling
configure:2835: result: yes
configure:2838: checking for suffix of executables
configure:2845: mips-linux-gcc -o conftest -s -Os -fomit-frame-pointer -mno-memcpy  -s -Os conftest.c  >&5
configure:2849: $? = 0
configure:2875: result: 
configure:2881: checking for suffix of object files
configure:2907: mips-linux-gcc -c -s -Os -fomit-frame-pointer -mno-memcpy  conftest.c >&5
configure:2911: $? = 0
configure:2936: result: o
configure:2940: checking whether we are using the GNU C compiler
configure:2969: mips-linux-gcc -c -s -Os -fomit-frame-pointer -mno-memcpy  conftest.c >&5
configure:2976: $? = 0
configure:2993: result: yes
configure:3002: checking whether mips-linux-gcc accepts -g
configure:3032: mips-linux-gcc -c -g  conftest.c >&5
configure:3039: $? = 0
configure:3140: result: yes
configure:3157: checking for mips-linux-gcc option to accept ISO C89
configure:3231: mips-linux-gcc  -c -s -Os -fomit-frame-pointer -mno-memcpy  conftest.c >&5
configure:3238: $? = 0
configure:3261: result: none needed
configure:3290: checking for style of include used by make
configure:3318: result: GNU
configure:3343: checking dependency style of mips-linux-gcc
configure:3434: result: gcc3
configure:3455: checking how to run the C preprocessor
configure:3495: mips-linux-gcc -E  conftest.c
configure:3502: $? = 0
configure:3533: mips-linux-gcc -E  conftest.c
conftest.c:10:28: ac_nonexistent.h: No such file or directory
configure:3540: $? = 1
configure: failed program was:
| /* confdefs.h.  */
| #define PACKAGE_NAME "ethtool"
| #define PACKAGE_TARNAME "ethtool"
| #define PACKAGE_VERSION "2"
| #define PACKAGE_STRING "ethtool 2"
| #define PACKAGE_BUGREPORT "Jeff Garzik <jgarzik@pobox.com>"
| #define PACKAGE "ethtool"
| #define VERSION "2"
| /* end confdefs.h.  */
| #include <ac_nonexistent.h>
configure:3573: result: mips-linux-gcc -E
configure:3602: mips-linux-gcc -E  conftest.c
configure:3609: $? = 0
configure:3640: mips-linux-gcc -E  conftest.c
conftest.c:10:28: ac_nonexistent.h: No such file or directory
configure:3647: $? = 1
configure: failed program was:
| /* confdefs.h.  */
| #define PACKAGE_NAME "ethtool"
| #define PACKAGE_TARNAME "ethtool"
| #define PACKAGE_VERSION "2"
| #define PACKAGE_STRING "ethtool 2"
| #define PACKAGE_BUGREPORT "Jeff Garzik <jgarzik@pobox.com>"
| #define PACKAGE "ethtool"
| #define VERSION "2"
| /* end confdefs.h.  */
| #include <ac_nonexistent.h>
configure:3687: checking for grep that handles long lines and -e
configure:3747: result: /bin/grep
configure:3752: checking for egrep
configure:3816: result: /bin/grep -E
configure:3822: checking whether mips-linux-gcc needs -traditional
configure:3864: result: no
configure:3873: checking for ANSI C header files
configure:3903: mips-linux-gcc -c -s -Os -fomit-frame-pointer -mno-memcpy  conftest.c >&5
configure:3910: $? = 0
configure:4041: result: yes
configure:4065: checking for sys/types.h
configure:4086: mips-linux-gcc -c -s -Os -fomit-frame-pointer -mno-memcpy  conftest.c >&5
configure:4093: $? = 0
configure:4110: result: yes
configure:4065: checking for sys/stat.h
configure:4086: mips-linux-gcc -c -s -Os -fomit-frame-pointer -mno-memcpy  conftest.c >&5
configure:4093: $? = 0
configure:4110: result: yes
configure:4065: checking for stdlib.h
configure:4086: mips-linux-gcc -c -s -Os -fomit-frame-pointer -mno-memcpy  conftest.c >&5
configure:4093: $? = 0
configure:4110: result: yes
configure:4065: checking for string.h
configure:4086: mips-linux-gcc -c -s -Os -fomit-frame-pointer -mno-memcpy  conftest.c >&5
configure:4093: $? = 0
configure:4110: result: yes
configure:4065: checking for memory.h
configure:4086: mips-linux-gcc -c -s -Os -fomit-frame-pointer -mno-memcpy  conftest.c >&5
configure:4093: $? = 0
configure:4110: result: yes
configure:4065: checking for strings.h
configure:4086: mips-linux-gcc -c -s -Os -fomit-frame-pointer -mno-memcpy  conftest.c >&5
configure:4093: $? = 0
configure:4110: result: yes
configure:4065: checking for inttypes.h
configure:4086: mips-linux-gcc -c -s -Os -fomit-frame-pointer -mno-memcpy  conftest.c >&5
configure:4093: $? = 0
configure:4110: result: yes
configure:4065: checking for stdint.h
configure:4086: mips-linux-gcc -c -s -Os -fomit-frame-pointer -mno-memcpy  conftest.c >&5
configure:4093: $? = 0
configure:4110: result: yes
configure:4065: checking for unistd.h
configure:4086: mips-linux-gcc -c -s -Os -fomit-frame-pointer -mno-memcpy  conftest.c >&5
configure:4093: $? = 0
configure:4110: result: yes
configure:4140: checking sys/ioctl.h usability
configure:4157: mips-linux-gcc -c -s -Os -fomit-frame-pointer -mno-memcpy  conftest.c >&5
configure:4164: $? = 0
configure:4178: result: yes
configure:4182: checking sys/ioctl.h presence
configure:4197: mips-linux-gcc -E  conftest.c
configure:4204: $? = 0
configure:4218: result: yes
configure:4251: checking for sys/ioctl.h
configure:4260: result: yes
configure:4277: checking for ANSI C header files
configure:4445: result: yes
configure:4460: checking for socket
configure:4516: mips-linux-gcc -o conftest -s -Os -fomit-frame-pointer -mno-memcpy  -s -Os conftest.c  >&5
configure:4523: $? = 0
configure:4545: result: yes
configure:4460: checking for strtol
configure:4516: mips-linux-gcc -o conftest -s -Os -fomit-frame-pointer -mno-memcpy  -s -Os conftest.c  >&5
configure:4523: $? = 0
configure:4545: result: yes
configure:4683: creating ./config.status

## ---------------------- ##
## Running config.status. ##
## ---------------------- ##

This file was extended by ethtool config.status 2, which was
generated by GNU Autoconf 2.63.  Invocation command line was

  CONFIG_FILES    = 
  CONFIG_HEADERS  = 
  CONFIG_LINKS    = 
  CONFIG_COMMANDS = 
  $ ./config.status 

on sfstudio.sadnet.lo

config.status:777: creating Makefile
config.status:777: creating ethtool.spec
config.status:777: creating ethtool-config.h
config.status:999: ethtool-config.h is unchanged
config.status:1051: executing depfiles commands

## ---------------- ##
## Cache variables. ##
## ---------------- ##

ac_cv_c_compiler_gnu=yes
ac_cv_env_CC_set=set
ac_cv_env_CC_value=mips-linux-gcc
ac_cv_env_CFLAGS_set=set
ac_cv_env_CFLAGS_value='-s -Os -fomit-frame-pointer -mno-memcpy'
ac_cv_env_CPPFLAGS_set=
ac_cv_env_CPPFLAGS_value=
ac_cv_env_CPP_set=
ac_cv_env_CPP_value=
ac_cv_env_LDFLAGS_set=set
ac_cv_env_LDFLAGS_value='-s -Os'
ac_cv_env_LIBS_set=
ac_cv_env_LIBS_value=
ac_cv_env_build_alias_set=
ac_cv_env_build_alias_value=
ac_cv_env_host_alias_set=set
ac_cv_env_host_alias_value=mips
ac_cv_env_target_alias_set=
ac_cv_env_target_alias_value=
ac_cv_func_socket=yes
ac_cv_func_strtol=yes
ac_cv_header_inttypes_h=yes
ac_cv_header_memory_h=yes
ac_cv_header_stdc=yes
ac_cv_header_stdint_h=yes
ac_cv_header_stdlib_h=yes
ac_cv_header_string_h=yes
ac_cv_header_strings_h=yes
ac_cv_header_sys_ioctl_h=yes
ac_cv_header_sys_stat_h=yes
ac_cv_header_sys_types_h=yes
ac_cv_header_unistd_h=yes
ac_cv_objext=o
ac_cv_path_EGREP='/bin/grep -E'
ac_cv_path_GREP=/bin/grep
ac_cv_path_install='/usr/bin/install -c'
ac_cv_path_mkdir=/bin/mkdir
ac_cv_prog_AWK=gawk
ac_cv_prog_CC=mips-linux-gcc
ac_cv_prog_CPP='mips-linux-gcc -E'
ac_cv_prog_STRIP=mips-linux-strip
ac_cv_prog_cc_c89=
ac_cv_prog_cc_g=yes
ac_cv_prog_gcc_traditional=no
ac_cv_prog_make_make_set=yes
am_cv_CC_dependencies_compiler_type=gcc3

## ----------------- ##
## Output variables. ##
## ----------------- ##

ACLOCAL='${SHELL} /opt/Wive/APP/ethtool/missing --run aclocal-1.10'
AMDEPBACKSLASH='\'
AMDEP_FALSE='#'
AMDEP_TRUE=''
AMTAR='${SHELL} /opt/Wive/APP/ethtool/missing --run tar'
AUTOCONF='${SHELL} /opt/Wive/APP/ethtool/missing --run autoconf'
AUTOHEADER='${SHELL} /opt/Wive/APP/ethtool/missing --run autoheader'
AUTOMAKE='${SHELL} /opt/Wive/APP/ethtool/missing --run automake-1.10'
AWK='gawk'
CC='mips-linux-gcc'
CCDEPMODE='depmode=gcc3'
CFLAGS='-s -Os -fomit-frame-pointer -mno-memcpy'
CPP='mips-linux-gcc -E'
CPPFLAGS=''
CYGPATH_W='echo'
DEFS='-DHAVE_CONFIG_H'
DEPDIR='.deps'
ECHO_C=''
ECHO_N='-n'
ECHO_T=''
EGREP='/bin/grep -E'
EXEEXT=''
GREP='/bin/grep'
INSTALL_DATA='${INSTALL} -m 644'
INSTALL_PROGRAM='${INSTALL}'
INSTALL_SCRIPT='${INSTALL}'
INSTALL_STRIP_PROGRAM='$(install_sh) -c -s'
LDFLAGS='-s -Os'
LIBOBJS=''
LIBS=''
LTLIBOBJS=''
MAINT='#'
MAINTAINER_MODE_FALSE=''
MAINTAINER_MODE_TRUE='#'
MAKEINFO='${SHELL} /opt/Wive/APP/ethtool/missing --run makeinfo'
MKDIR_P='/bin/mkdir -p'
OBJEXT='o'
PACKAGE='ethtool'
PACKAGE_BUGREPORT='Jeff Garzik <jgarzik@pobox.com>'
PACKAGE_NAME='ethtool'
PACKAGE_STRING='ethtool 2'
PACKAGE_TARNAME='ethtool'
PACKAGE_VERSION='2'
PATH_SEPARATOR=':'
SET_MAKE=''
SHELL='/bin/sh'
STRIP='mips-linux-strip'
VERSION='2'
ac_ct_CC=''
am__fastdepCC_FALSE='#'
am__fastdepCC_TRUE=''
am__include='include'
am__isrc=''
am__leading_dot='.'
am__quote=''
am__tar='${AMTAR} chof - "$$tardir"'
am__untar='${AMTAR} xf -'
bindir='${exec_prefix}/bin'
build_alias=''
datadir='${datarootdir}'
datarootdir='${prefix}/share'
docdir='${datarootdir}/doc/${PACKAGE_TARNAME}'
dvidir='${docdir}'
exec_prefix='${prefix}'
host_alias='mips'
htmldir='${docdir}'
includedir='${prefix}/include'
infodir='${datarootdir}/info'
install_sh='$(SHELL) /opt/Wive/APP/ethtool/install-sh'
libdir='${exec_prefix}/lib'
libexecdir='${exec_prefix}/libexec'
localedir='${datarootdir}/locale'
localstatedir='${prefix}/var'
mandir='${datarootdir}/man'
mkdir_p='/bin/mkdir -p'
oldincludedir='/usr/include'
pdfdir='${docdir}'
prefix='/opt/Wive/APP/ethtool/filesystem'
program_transform_name='s,x,x,'
psdir='${docdir}'
sbindir='${exec_prefix}/sbin'
sharedstatedir='${prefix}/com'
sysconfdir='${prefix}/etc'
target_alias=''

## ----------- ##
## confdefs.h. ##
## ----------- ##

#define PACKAGE_NAME "ethtool"
#define PACKAGE_TARNAME "ethtool"
#define PACKAGE_VERSION "2"
#define PACKAGE_STRING "ethtool 2"
#define PACKAGE_BUGREPORT "Jeff Garzik <jgarzik@pobox.com>"
#define PACKAGE "ethtool"
#define VERSION "2"
#define STDC_HEADERS 1
#define HAVE_SYS_TYPES_H 1
#define HAVE_SYS_STAT_H 1
#define HAVE_STDLIB_H 1
#define HAVE_STRING_H 1
#define HAVE_MEMORY_H 1
#define HAVE_STRINGS_H 1
#define HAVE_INTTYPES_H 1
#define HAVE_STDINT_H 1
#define HAVE_UNISTD_H 1
#define HAVE_SYS_IOCTL_H 1
#define STDC_HEADERS 1
#define HAVE_SOCKET 1
#define HAVE_STRTOL 1

configure: exit 0
