rpcimpl.c: In function `torrentRemove':
rpcimpl.c:228: warning: unused parameter `idle_data'
rpcimpl.c: In function `torrentReannounce':
rpcimpl.c:255: warning: unused parameter `idle_data'
rpcimpl.c: In function `torrentGet':
rpcimpl.c:600: warning: unused parameter `idle_data'
rpcimpl.c: In function `torrentSet':
rpcimpl.c:719: warning: unused parameter `idle_data'
rpcimpl.c: In function `torrentSetLocation':
rpcimpl.c:775: warning: unused parameter `idle_data'
rpcimpl.c: In function `sessionSet':
rpcimpl.c:1106: warning: unused parameter `idle_data'
rpcimpl.c: In function `sessionStats':
rpcimpl.c:1177: warning: unused parameter `idle_data'
rpcimpl.c: In function `sessionGet':
rpcimpl.c:1224: warning: unused parameter `idle_data'
rpcimpl.c: In function `torrentStart':
rpcimpl.c:186: warning: unused parameter `idle_data'
rpcimpl.c: In function `torrentStop':
rpcimpl.c:207: warning: unused parameter `idle_data'
rpcimpl.c: In function `torrentVerify':
rpcimpl.c:280: warning: unused parameter `idle_data'
rpcimpl.c: In function `request_exec':
rpcimpl.c:1310: warning: `i' might be used uninitialized in this function
